<?xml version="1.0" encoding="UTF-8"?>
<testsuite name="com.ogasawaraShinnosuke.api.app.RootControllerSpec" tests="2" skipped="0" failures="0" errors="0" timestamp="2016-04-14T08:26:11" hostname="ogasawara-no-MacBook-Pro.local" time="0.055">
  <properties/>
  <testcase name="ok" classname="com.ogasawaraShinnosuke.api.app.RootControllerSpec" time="0.028"/>
  <testcase name="index" classname="com.ogasawaraShinnosuke.api.app.RootControllerSpec" time="0.026"/>
  <system-out><![CDATA[2016-04-14 17:26:11.578  INFO 30840 --- [    Test worker] o.s.t.c.support.AbstractContextLoader    : Could not detect default resource locations for test class [com.ogasawaraShinnosuke.api.app.SpecBase]: no resource found for suffixes {-context.xml, Context.groovy}.
2016-04-14 17:26:11.584  INFO 30840 --- [    Test worker] WebAppIntegrationTestContextBootstrapper : Loaded default TestExecutionListener class names from location [META-INF/spring.factories]: [org.springframework.test.context.web.ServletTestExecutionListener, org.springframework.test.context.support.DirtiesContextBeforeModesTestExecutionListener, org.springframework.test.context.support.DependencyInjectionTestExecutionListener, org.springframework.test.context.support.DirtiesContextTestExecutionListener, org.springframework.test.context.transaction.TransactionalTestExecutionListener, org.springframework.test.context.jdbc.SqlScriptsTestExecutionListener]
2016-04-14 17:26:11.589  INFO 30840 --- [    Test worker] WebAppIntegrationTestContextBootstrapper : Using TestExecutionListeners: [org.springframework.test.context.web.ServletTestExecutionListener@5e63f86d, org.springframework.test.context.support.DirtiesContextBeforeModesTestExecutionListener@33daaa03, org.springframework.test.context.support.DependencyInjectionTestExecutionListener@505bd376, org.springframework.test.context.support.DirtiesContextTestExecutionListener@7092900b, org.springframework.test.context.transaction.TransactionalTestExecutionListener@31f3bee4, org.springframework.test.context.jdbc.SqlScriptsTestExecutionListener@571f806b]
]]></system-out>
  <system-err><![CDATA[]]></system-err>
</testsuite>
