<?xml version="1.0" encoding="UTF-8"?>
<testsuite name="com.ogasawaraShinnosuke.api.app.SpecBase" tests="1" skipped="0" failures="0" errors="0" timestamp="2016-04-14T08:26:11" hostname="ogasawara-no-MacBook-Pro.local" time="0.02">
  <properties/>
  <testcase name="ok" classname="com.ogasawaraShinnosuke.api.app.SpecBase" time="0.02"/>
  <system-out><![CDATA[2016-04-14 17:26:11.670  INFO 30840 --- [    Test worker] o.s.t.c.support.AbstractContextLoader    : Could not detect default resource locations for test class [com.ogasawaraShinnosuke.api.app.SpecBase]: no resource found for suffixes {-context.xml, Context.groovy}.
2016-04-14 17:26:11.673  INFO 30840 --- [    Test worker] WebAppIntegrationTestContextBootstrapper : Loaded default TestExecutionListener class names from location [META-INF/spring.factories]: [org.springframework.test.context.web.ServletTestExecutionListener, org.springframework.test.context.support.DirtiesContextBeforeModesTestExecutionListener, org.springframework.test.context.support.DependencyInjectionTestExecutionListener, org.springframework.test.context.support.DirtiesContextTestExecutionListener, org.springframework.test.context.transaction.TransactionalTestExecutionListener, org.springframework.test.context.jdbc.SqlScriptsTestExecutionListener]
2016-04-14 17:26:11.674  INFO 30840 --- [    Test worker] WebAppIntegrationTestContextBootstrapper : Using TestExecutionListeners: [org.springframework.test.context.web.ServletTestExecutionListener@43d0d615, org.springframework.test.context.support.DirtiesContextBeforeModesTestExecutionListener@4cea51ad, org.springframework.test.context.support.DependencyInjectionTestExecutionListener@1a091c36, org.springframework.test.context.support.DirtiesContextTestExecutionListener@60e6b75b, org.springframework.test.context.transaction.TransactionalTestExecutionListener@2543a52c, org.springframework.test.context.jdbc.SqlScriptsTestExecutionListener@3b3aef10]
]]></system-out>
  <system-err><![CDATA[]]></system-err>
</testsuite>
