<?xml version="1.0" encoding="UTF-8"?>
<testsuite name="com.ogasawaraShinnosuke.api.app.SpecBase" tests="1" skipped="0" failures="0" errors="0" timestamp="2016-04-14T08:18:09" hostname="ogasawara-no-MacBook-Pro.local" time="0.029">
  <properties/>
  <testcase name="ok" classname="com.ogasawaraShinnosuke.api.app.SpecBase" time="0.029"/>
  <system-out><![CDATA[2016-04-14 17:18:09.604  INFO 30719 --- [    Test worker] o.s.t.c.support.AbstractContextLoader    : Could not detect default resource locations for test class [com.ogasawaraShinnosuke.api.app.SpecBase]: no resource found for suffixes {-context.xml, Context.groovy}.
2016-04-14 17:18:09.612  INFO 30719 --- [    Test worker] WebAppIntegrationTestContextBootstrapper : Loaded default TestExecutionListener class names from location [META-INF/spring.factories]: [org.springframework.test.context.web.ServletTestExecutionListener, org.springframework.test.context.support.DirtiesContextBeforeModesTestExecutionListener, org.springframework.test.context.support.DependencyInjectionTestExecutionListener, org.springframework.test.context.support.DirtiesContextTestExecutionListener, org.springframework.test.context.transaction.TransactionalTestExecutionListener, org.springframework.test.context.jdbc.SqlScriptsTestExecutionListener]
2016-04-14 17:18:09.614  INFO 30719 --- [    Test worker] WebAppIntegrationTestContextBootstrapper : Using TestExecutionListeners: [org.springframework.test.context.web.ServletTestExecutionListener@76ac356b, org.springframework.test.context.support.DirtiesContextBeforeModesTestExecutionListener@6cf7b3c6, org.springframework.test.context.support.DependencyInjectionTestExecutionListener@5882b0d8, org.springframework.test.context.support.DirtiesContextTestExecutionListener@5d1eb2ce, org.springframework.test.context.transaction.TransactionalTestExecutionListener@4a8ed36b, org.springframework.test.context.jdbc.SqlScriptsTestExecutionListener@1b36207f]
]]></system-out>
  <system-err><![CDATA[]]></system-err>
</testsuite>
