<?xml version="1.0" encoding="UTF-8"?>
<testsuite name="com.ogasawaraShinnosuke.api.app.RootControllerSpec" tests="2" skipped="0" failures="0" errors="0" timestamp="2016-04-14T08:18:09" hostname="ogasawara-no-MacBook-Pro.local" time="0.053">
  <properties/>
  <testcase name="ok" classname="com.ogasawaraShinnosuke.api.app.RootControllerSpec" time="0.02"/>
  <testcase name="index" classname="com.ogasawaraShinnosuke.api.app.RootControllerSpec" time="0.033"/>
  <system-out><![CDATA[2016-04-14 17:18:09.519  INFO 30719 --- [    Test worker] o.s.t.c.support.AbstractContextLoader    : Could not detect default resource locations for test class [com.ogasawaraShinnosuke.api.app.SpecBase]: no resource found for suffixes {-context.xml, Context.groovy}.
2016-04-14 17:18:09.527  INFO 30719 --- [    Test worker] WebAppIntegrationTestContextBootstrapper : Loaded default TestExecutionListener class names from location [META-INF/spring.factories]: [org.springframework.test.context.web.ServletTestExecutionListener, org.springframework.test.context.support.DirtiesContextBeforeModesTestExecutionListener, org.springframework.test.context.support.DependencyInjectionTestExecutionListener, org.springframework.test.context.support.DirtiesContextTestExecutionListener, org.springframework.test.context.transaction.TransactionalTestExecutionListener, org.springframework.test.context.jdbc.SqlScriptsTestExecutionListener]
2016-04-14 17:18:09.530  INFO 30719 --- [    Test worker] WebAppIntegrationTestContextBootstrapper : Using TestExecutionListeners: [org.springframework.test.context.web.ServletTestExecutionListener@99e5521, org.springframework.test.context.support.DirtiesContextBeforeModesTestExecutionListener@48535e1a, org.springframework.test.context.support.DependencyInjectionTestExecutionListener@28c95ad, org.springframework.test.context.support.DirtiesContextTestExecutionListener@32a17b9, org.springframework.test.context.transaction.TransactionalTestExecutionListener@78e67da0, org.springframework.test.context.jdbc.SqlScriptsTestExecutionListener@2a174f28]
]]></system-out>
  <system-err><![CDATA[]]></system-err>
</testsuite>
