<?xml version="1.0" encoding="UTF-8"?>
<testsuite name="com.ogasawaraShinnosuke.api.app.RootControllerTest" tests="2" skipped="0" failures="0" errors="0" timestamp="2016-04-13T06:42:24" hostname="ogasawara-no-MacBook-Pro.local" time="0.692">
  <properties/>
  <testcase name="getLive" classname="com.ogasawaraShinnosuke.api.app.RootControllerTest" time="0.655"/>
  <testcase name="getIndex" classname="com.ogasawaraShinnosuke.api.app.RootControllerTest" time="0.035"/>
  <system-out><![CDATA[15:42:22.522 [Test worker] DEBUG o.s.t.c.j.SpringJUnit4ClassRunner - SpringJUnit4ClassRunner constructor called with [class com.ogasawaraShinnosuke.api.app.RootControllerTest]
15:42:22.535 [Test worker] DEBUG o.s.test.context.BootstrapUtils - Instantiating CacheAwareContextLoaderDelegate from class [org.springframework.test.context.cache.DefaultCacheAwareContextLoaderDelegate]
15:42:22.543 [Test worker] DEBUG o.s.test.context.BootstrapUtils - Instantiating BootstrapContext using constructor [public org.springframework.test.context.support.DefaultBootstrapContext(java.lang.Class,org.springframework.test.context.CacheAwareContextLoaderDelegate)]
15:42:22.559 [Test worker] DEBUG o.s.test.context.BootstrapUtils - Instantiating TestContextBootstrapper for test class [com.ogasawaraShinnosuke.api.app.RootControllerTest] from class [org.springframework.test.context.web.WebTestContextBootstrapper]
15:42:22.588 [Test worker] DEBUG o.s.t.c.w.WebTestContextBootstrapper - Found explicit ContextLoader class [org.springframework.boot.test.SpringApplicationContextLoader] for context configuration attributes [ContextConfigurationAttributes@1be182f8 declaringClass = 'com.ogasawaraShinnosuke.api.app.RootControllerTest', classes = '{class org.springframework.mock.web.MockServletContext}', locations = '{}', inheritLocations = true, initializers = '{}', inheritInitializers = true, name = [null], contextLoaderClass = 'org.springframework.boot.test.SpringApplicationContextLoader']
15:42:22.599 [Test worker] DEBUG o.s.t.c.s.AbstractContextLoader - Did not detect default resource location for test class [com.ogasawaraShinnosuke.api.app.RootControllerTest]: class path resource [com/ogasawaraShinnosuke/api/app/RootControllerTest-context.xml] does not exist
15:42:22.601 [Test worker] DEBUG o.s.t.c.s.AbstractContextLoader - Did not detect default resource location for test class [com.ogasawaraShinnosuke.api.app.RootControllerTest]: class path resource [com/ogasawaraShinnosuke/api/app/RootControllerTestContext.groovy] does not exist
15:42:22.602 [Test worker] INFO  o.s.t.c.s.AbstractContextLoader - Could not detect default resource locations for test class [com.ogasawaraShinnosuke.api.app.RootControllerTest]: no resource found for suffixes {-context.xml, Context.groovy}.
15:42:22.608 [Test worker] DEBUG o.s.t.c.support.ActiveProfilesUtils - Could not find an 'annotation declaring class' for annotation type [org.springframework.test.context.ActiveProfiles] and class [com.ogasawaraShinnosuke.api.app.RootControllerTest]
15:42:22.613 [Test worker] DEBUG o.s.t.c.w.WebTestContextBootstrapper - @TestExecutionListeners is not present for class [com.ogasawaraShinnosuke.api.app.RootControllerTest]: using defaults.
15:42:22.623 [Test worker] INFO  o.s.t.c.w.WebTestContextBootstrapper - Loaded default TestExecutionListener class names from location [META-INF/spring.factories]: [org.springframework.test.context.web.ServletTestExecutionListener, org.springframework.test.context.support.DirtiesContextBeforeModesTestExecutionListener, org.springframework.test.context.support.DependencyInjectionTestExecutionListener, org.springframework.test.context.support.DirtiesContextTestExecutionListener, org.springframework.test.context.transaction.TransactionalTestExecutionListener, org.springframework.test.context.jdbc.SqlScriptsTestExecutionListener]
15:42:22.649 [Test worker] INFO  o.s.t.c.w.WebTestContextBootstrapper - Using TestExecutionListeners: [org.springframework.test.context.web.ServletTestExecutionListener@1269af0, org.springframework.test.context.support.DirtiesContextBeforeModesTestExecutionListener@32bcddee, org.springframework.test.context.support.DependencyInjectionTestExecutionListener@2f922b2f, org.springframework.test.context.support.DirtiesContextTestExecutionListener@1150c9a0, org.springframework.test.context.transaction.TransactionalTestExecutionListener@24143060, org.springframework.test.context.jdbc.SqlScriptsTestExecutionListener@7013caa1]
15:42:22.654 [Test worker] DEBUG o.s.t.annotation.ProfileValueUtils - Retrieved @ProfileValueSourceConfiguration [null] for test class [com.ogasawaraShinnosuke.api.app.RootControllerTest]
15:42:22.656 [Test worker] DEBUG o.s.t.annotation.ProfileValueUtils - Retrieved ProfileValueSource type [class org.springframework.test.annotation.SystemProfileValueSource] for class [com.ogasawaraShinnosuke.api.app.RootControllerTest]
15:42:22.666 [Test worker] DEBUG o.s.t.annotation.ProfileValueUtils - Retrieved @ProfileValueSourceConfiguration [null] for test class [com.ogasawaraShinnosuke.api.app.RootControllerTest]
15:42:22.668 [Test worker] DEBUG o.s.t.annotation.ProfileValueUtils - Retrieved ProfileValueSource type [class org.springframework.test.annotation.SystemProfileValueSource] for class [com.ogasawaraShinnosuke.api.app.RootControllerTest]
15:42:22.671 [Test worker] DEBUG o.s.t.annotation.ProfileValueUtils - Retrieved @ProfileValueSourceConfiguration [null] for test class [com.ogasawaraShinnosuke.api.app.RootControllerTest]
15:42:22.671 [Test worker] DEBUG o.s.t.annotation.ProfileValueUtils - Retrieved ProfileValueSource type [class org.springframework.test.annotation.SystemProfileValueSource] for class [com.ogasawaraShinnosuke.api.app.RootControllerTest]
15:42:22.672 [Test worker] DEBUG o.s.t.c.s.AbstractDirtiesContextTestExecutionListener - Before test class: context [DefaultTestContext@663c6aee testClass = RootControllerTest, testInstance = [null], testMethod = [null], testException = [null], mergedContextConfiguration = [WebMergedContextConfiguration@326c3b13 testClass = RootControllerTest, locations = '{}', classes = '{class org.springframework.mock.web.MockServletContext}', contextInitializerClasses = '[]', activeProfiles = '{}', propertySourceLocations = '{}', propertySourceProperties = '{}', resourceBasePath = 'src/main/webapp', contextLoader = 'org.springframework.boot.test.SpringApplicationContextLoader', parent = [null]]], class annotated with @DirtiesContext [false] with mode [null].
15:42:22.673 [Test worker] DEBUG o.s.t.annotation.ProfileValueUtils - Retrieved @ProfileValueSourceConfiguration [null] for test class [com.ogasawaraShinnosuke.api.app.RootControllerTest]
15:42:22.674 [Test worker] DEBUG o.s.t.annotation.ProfileValueUtils - Retrieved ProfileValueSource type [class org.springframework.test.annotation.SystemProfileValueSource] for class [com.ogasawaraShinnosuke.api.app.RootControllerTest]
15:42:23.172 [Test worker] DEBUG o.s.core.env.StandardEnvironment - Adding [systemProperties] PropertySource with lowest search precedence
15:42:23.174 [Test worker] DEBUG o.s.core.env.StandardEnvironment - Adding [systemEnvironment] PropertySource with lowest search precedence
15:42:23.175 [Test worker] DEBUG o.s.core.env.StandardEnvironment - Initialized StandardEnvironment with PropertySources [systemProperties,systemEnvironment]
15:42:23.176 [Test worker] DEBUG o.s.core.env.StandardEnvironment - Adding [integrationTest] PropertySource with search precedence immediately lower than [systemEnvironment]

  .   ____          _            __ _ _
 /\\ / ___'_ __ _ _(_)_ __  __ _ \ \ \ \
( ( )\___ | '_ | '_| | '_ \/ _` | \ \ \ \
 \\/  ___)| |_)| | | | | || (_| |  ) ) ) )
  '  |____| .__|_| |_|_| |_\__, | / / / /
 =========|_|==============|___/=/_/_/_/
 :: Spring Boot ::        (v1.3.3.RELEASE)

2016-04-13 15:42:24.084  INFO 26364 --- [    Test worker] c.o.api.app.RootControllerTest           : Starting RootControllerTest on ogasawara-no-MacBook-Pro.local with PID 26364 (/Users/shinnosuke/workspace/groovy/spring-initial-for-study-session/build/classes/test started by shinnosuke in /Users/shinnosuke/workspace/groovy/spring-initial-for-study-session)
2016-04-13 15:42:24.085  INFO 26364 --- [    Test worker] c.o.api.app.RootControllerTest           : No active profile set, falling back to default profiles: default
2016-04-13 15:42:24.182  INFO 26364 --- [    Test worker] o.s.w.c.s.GenericWebApplicationContext   : Refreshing org.springframework.web.context.support.GenericWebApplicationContext@6aea4155: startup date [Wed Apr 13 15:42:24 JST 2016]; root of context hierarchy
2016-04-13 15:42:24.317  INFO 26364 --- [    Test worker] c.o.api.app.RootControllerTest           : Started RootControllerTest in 1.128 seconds (JVM running for 3.094)
2016-04-13 15:42:24.747  INFO 26364 --- [    Test worker] ilder$StaticRequestMappingHandlerMapping : Mapped "{[/]}" onto public java.lang.Object com.ogasawaraShinnosuke.api.app.RootController.index()
2016-04-13 15:42:24.751  INFO 26364 --- [    Test worker] ilder$StaticRequestMappingHandlerMapping : Mapped "{[/live]}" onto public java.lang.Object com.ogasawaraShinnosuke.api.app.RootController.live()
2016-04-13 15:42:24.891  INFO 26364 --- [    Test worker] s.w.s.m.m.a.RequestMappingHandlerAdapter : Looking for @ControllerAdvice: org.springframework.test.web.servlet.setup.StubWebApplicationContext@3f9c1d12
2016-04-13 15:42:24.984  INFO 26364 --- [    Test worker] o.s.mock.web.MockServletContext          : Initializing Spring FrameworkServlet ''
2016-04-13 15:42:24.985  INFO 26364 --- [    Test worker] o.s.t.web.servlet.TestDispatcherServlet  : FrameworkServlet '': initialization started
2016-04-13 15:42:24.991  INFO 26364 --- [    Test worker] o.s.t.web.servlet.TestDispatcherServlet  : FrameworkServlet '': initialization completed in 5 ms
2016-04-13 15:42:25.001  INFO 26364 --- [    Test worker] ilder$StaticRequestMappingHandlerMapping : Mapped "{[/]}" onto public java.lang.Object com.ogasawaraShinnosuke.api.app.RootController.index()
2016-04-13 15:42:25.002  INFO 26364 --- [    Test worker] ilder$StaticRequestMappingHandlerMapping : Mapped "{[/live]}" onto public java.lang.Object com.ogasawaraShinnosuke.api.app.RootController.live()
2016-04-13 15:42:25.023  INFO 26364 --- [    Test worker] s.w.s.m.m.a.RequestMappingHandlerAdapter : Looking for @ControllerAdvice: org.springframework.test.web.servlet.setup.StubWebApplicationContext@76d2b0c2
2016-04-13 15:42:25.031  INFO 26364 --- [    Test worker] o.s.mock.web.MockServletContext          : Initializing Spring FrameworkServlet ''
2016-04-13 15:42:25.031  INFO 26364 --- [    Test worker] o.s.t.web.servlet.TestDispatcherServlet  : FrameworkServlet '': initialization started
2016-04-13 15:42:25.032  INFO 26364 --- [    Test worker] o.s.t.web.servlet.TestDispatcherServlet  : FrameworkServlet '': initialization completed in 0 ms
]]></system-out>
  <system-err><![CDATA[]]></system-err>
</testsuite>
