<?xml version="1.0" encoding="UTF-8"?>
<testsuite name="com.ogasawaraShinnosuke.api.app.Spec" tests="0" skipped="0" failures="0" errors="0" timestamp="1970-01-01T00:00:00" hostname="ogasawara-no-MacBook-Pro.local" time="0.0">
  <properties/>
  <system-out><![CDATA[2016-04-14 16:47:08.364  INFO 30356 --- [    Test worker] o.s.t.c.support.AbstractContextLoader    : Could not detect default resource locations for test class [com.ogasawaraShinnosuke.api.app.Spec]: no resource found for suffixes {-context.xml, Context.groovy}.
2016-04-14 16:47:08.375  INFO 30356 --- [    Test worker] o.s.t.c.s.DefaultTestContextBootstrapper : Loaded default TestExecutionListener class names from location [META-INF/spring.factories]: [org.springframework.test.context.web.ServletTestExecutionListener, org.springframework.test.context.support.DirtiesContextBeforeModesTestExecutionListener, org.springframework.test.context.support.DependencyInjectionTestExecutionListener, org.springframework.test.context.support.DirtiesContextTestExecutionListener, org.springframework.test.context.transaction.TransactionalTestExecutionListener, org.springframework.test.context.jdbc.SqlScriptsTestExecutionListener]
2016-04-14 16:47:08.376  INFO 30356 --- [    Test worker] o.s.t.c.s.DefaultTestContextBootstrapper : Using TestExecutionListeners: [org.springframework.test.context.web.ServletTestExecutionListener@11026a61, org.springframework.test.context.support.DirtiesContextBeforeModesTestExecutionListener@1a33a11a, org.springframework.test.context.support.DependencyInjectionTestExecutionListener@7f2533cc, org.springframework.test.context.support.DirtiesContextTestExecutionListener@e2e9ecc, org.springframework.test.context.transaction.TransactionalTestExecutionListener@c7dbc0a, org.springframework.test.context.jdbc.SqlScriptsTestExecutionListener@bc1e7ee]
]]></system-out>
  <system-err><![CDATA[]]></system-err>
</testsuite>
