<?xml version="1.0" encoding="UTF-8"?>
<testsuite name="com.ogasawaraShinnosuke.api.app.RootControllerTest" tests="2" skipped="0" failures="0" errors="0" timestamp="2016-04-11T09:03:23" hostname="ogasawarasusumunosuke-no-MacBook.local" time="2.562">
  <properties/>
  <testcase name="getLive" classname="com.ogasawaraShinnosuke.api.app.RootControllerTest" time="2.362"/>
  <testcase name="getIndex" classname="com.ogasawaraShinnosuke.api.app.RootControllerTest" time="0.196"/>
  <system-out><![CDATA[18:03:19.463 [Test worker] DEBUG o.s.t.c.j.SpringJUnit4ClassRunner - SpringJUnit4ClassRunner constructor called with [class com.ogasawaraShinnosuke.api.app.RootControllerTest]
18:03:19.479 [Test worker] DEBUG o.s.test.context.BootstrapUtils - Instantiating CacheAwareContextLoaderDelegate from class [org.springframework.test.context.cache.DefaultCacheAwareContextLoaderDelegate]
18:03:19.497 [Test worker] DEBUG o.s.test.context.BootstrapUtils - Instantiating BootstrapContext using constructor [public org.springframework.test.context.support.DefaultBootstrapContext(java.lang.Class,org.springframework.test.context.CacheAwareContextLoaderDelegate)]
18:03:19.542 [Test worker] DEBUG o.s.test.context.BootstrapUtils - Instantiating TestContextBootstrapper for test class [com.ogasawaraShinnosuke.api.app.RootControllerTest] from class [org.springframework.test.context.web.WebTestContextBootstrapper]
18:03:19.602 [Test worker] DEBUG o.s.t.c.w.WebTestContextBootstrapper - Found explicit ContextLoader class [org.springframework.boot.test.SpringApplicationContextLoader] for context configuration attributes [ContextConfigurationAttributes@81466bc declaringClass = 'com.ogasawaraShinnosuke.api.app.RootControllerTest', classes = '{class org.springframework.mock.web.MockServletContext}', locations = '{}', inheritLocations = true, initializers = '{}', inheritInitializers = true, name = [null], contextLoaderClass = 'org.springframework.boot.test.SpringApplicationContextLoader']
18:03:19.633 [Test worker] DEBUG o.s.t.c.s.AbstractContextLoader - Did not detect default resource location for test class [com.ogasawaraShinnosuke.api.app.RootControllerTest]: class path resource [com/ogasawaraShinnosuke/api/app/RootControllerTest-context.xml] does not exist
18:03:19.634 [Test worker] DEBUG o.s.t.c.s.AbstractContextLoader - Did not detect default resource location for test class [com.ogasawaraShinnosuke.api.app.RootControllerTest]: class path resource [com/ogasawaraShinnosuke/api/app/RootControllerTestContext.groovy] does not exist
18:03:19.634 [Test worker] INFO  o.s.t.c.s.AbstractContextLoader - Could not detect default resource locations for test class [com.ogasawaraShinnosuke.api.app.RootControllerTest]: no resource found for suffixes {-context.xml, Context.groovy}.
18:03:19.640 [Test worker] DEBUG o.s.t.c.support.ActiveProfilesUtils - Could not find an 'annotation declaring class' for annotation type [org.springframework.test.context.ActiveProfiles] and class [com.ogasawaraShinnosuke.api.app.RootControllerTest]
18:03:19.660 [Test worker] DEBUG o.s.t.c.w.WebTestContextBootstrapper - @TestExecutionListeners is not present for class [com.ogasawaraShinnosuke.api.app.RootControllerTest]: using defaults.
18:03:19.681 [Test worker] INFO  o.s.t.c.w.WebTestContextBootstrapper - Loaded default TestExecutionListener class names from location [META-INF/spring.factories]: [org.springframework.test.context.web.ServletTestExecutionListener, org.springframework.test.context.support.DirtiesContextBeforeModesTestExecutionListener, org.springframework.test.context.support.DependencyInjectionTestExecutionListener, org.springframework.test.context.support.DirtiesContextTestExecutionListener, org.springframework.test.context.transaction.TransactionalTestExecutionListener, org.springframework.test.context.jdbc.SqlScriptsTestExecutionListener]
18:03:19.738 [Test worker] INFO  o.s.t.c.w.WebTestContextBootstrapper - Using TestExecutionListeners: [org.springframework.test.context.web.ServletTestExecutionListener@526047e2, org.springframework.test.context.support.DirtiesContextBeforeModesTestExecutionListener@28c9cd59, org.springframework.test.context.support.DependencyInjectionTestExecutionListener@3e70880d, org.springframework.test.context.support.DirtiesContextTestExecutionListener@1ec91af9, org.springframework.test.context.transaction.TransactionalTestExecutionListener@4e461195, org.springframework.test.context.jdbc.SqlScriptsTestExecutionListener@2883ae01]
18:03:19.748 [Test worker] DEBUG o.s.t.annotation.ProfileValueUtils - Retrieved @ProfileValueSourceConfiguration [null] for test class [com.ogasawaraShinnosuke.api.app.RootControllerTest]
18:03:19.750 [Test worker] DEBUG o.s.t.annotation.ProfileValueUtils - Retrieved ProfileValueSource type [class org.springframework.test.annotation.SystemProfileValueSource] for class [com.ogasawaraShinnosuke.api.app.RootControllerTest]
18:03:19.754 [Test worker] DEBUG o.s.t.annotation.ProfileValueUtils - Retrieved @ProfileValueSourceConfiguration [null] for test class [com.ogasawaraShinnosuke.api.app.RootControllerTest]
18:03:19.756 [Test worker] DEBUG o.s.t.annotation.ProfileValueUtils - Retrieved ProfileValueSource type [class org.springframework.test.annotation.SystemProfileValueSource] for class [com.ogasawaraShinnosuke.api.app.RootControllerTest]
18:03:19.760 [Test worker] DEBUG o.s.t.annotation.ProfileValueUtils - Retrieved @ProfileValueSourceConfiguration [null] for test class [com.ogasawaraShinnosuke.api.app.RootControllerTest]
18:03:19.764 [Test worker] DEBUG o.s.t.annotation.ProfileValueUtils - Retrieved ProfileValueSource type [class org.springframework.test.annotation.SystemProfileValueSource] for class [com.ogasawaraShinnosuke.api.app.RootControllerTest]
18:03:19.768 [Test worker] DEBUG o.s.t.c.s.AbstractDirtiesContextTestExecutionListener - Before test class: context [DefaultTestContext@aee3726 testClass = RootControllerTest, testInstance = [null], testMethod = [null], testException = [null], mergedContextConfiguration = [WebMergedContextConfiguration@34f2c0e4 testClass = RootControllerTest, locations = '{}', classes = '{class org.springframework.mock.web.MockServletContext}', contextInitializerClasses = '[]', activeProfiles = '{}', propertySourceLocations = '{}', propertySourceProperties = '{}', resourceBasePath = 'src/main/webapp', contextLoader = 'org.springframework.boot.test.SpringApplicationContextLoader', parent = [null]]], class annotated with @DirtiesContext [false] with mode [null].
18:03:19.770 [Test worker] DEBUG o.s.t.annotation.ProfileValueUtils - Retrieved @ProfileValueSourceConfiguration [null] for test class [com.ogasawaraShinnosuke.api.app.RootControllerTest]
18:03:19.774 [Test worker] DEBUG o.s.t.annotation.ProfileValueUtils - Retrieved ProfileValueSource type [class org.springframework.test.annotation.SystemProfileValueSource] for class [com.ogasawaraShinnosuke.api.app.RootControllerTest]
18:03:20.699 [Test worker] DEBUG o.s.core.env.StandardEnvironment - Adding [systemProperties] PropertySource with lowest search precedence
18:03:20.703 [Test worker] DEBUG o.s.core.env.StandardEnvironment - Adding [systemEnvironment] PropertySource with lowest search precedence
18:03:20.710 [Test worker] DEBUG o.s.core.env.StandardEnvironment - Initialized StandardEnvironment with PropertySources [systemProperties,systemEnvironment]
18:03:20.715 [Test worker] DEBUG o.s.core.env.StandardEnvironment - Adding [integrationTest] PropertySource with search precedence immediately lower than [systemEnvironment]

  .   ____          _            __ _ _
 /\\ / ___'_ __ _ _(_)_ __  __ _ \ \ \ \
( ( )\___ | '_ | '_| | '_ \/ _` | \ \ \ \
 \\/  ___)| |_)| | | | | || (_| |  ) ) ) )
  '  |____| .__|_| |_|_| |_\__, | / / / /
 =========|_|==============|___/=/_/_/_/
 :: Spring Boot ::        (v1.3.3.RELEASE)

2016-04-11 18:03:22.000  INFO 68422 --- [    Test worker] c.o.api.app.RootControllerTest           : Starting RootControllerTest on ogasawarasusumunosuke-no-MacBook.local with PID 68422 (/Users/shn/workspace/java/spring-initial-for-study-session/build/classes/test started by shn in /Users/shn/workspace/java/spring-initial-for-study-session)
2016-04-11 18:03:22.002  INFO 68422 --- [    Test worker] c.o.api.app.RootControllerTest           : No active profile set, falling back to default profiles: default
2016-04-11 18:03:22.416  INFO 68422 --- [    Test worker] o.s.w.c.s.GenericWebApplicationContext   : Refreshing org.springframework.web.context.support.GenericWebApplicationContext@3999cc3a: startup date [Mon Apr 11 18:03:22 JST 2016]; root of context hierarchy
2016-04-11 18:03:23.618  INFO 68422 --- [    Test worker] c.o.api.app.RootControllerTest           : Started RootControllerTest in 2.874 seconds (JVM running for 6.132)
2016-04-11 18:03:24.777  INFO 68422 --- [    Test worker] ilder$StaticRequestMappingHandlerMapping : Mapped "{[/]}" onto public java.lang.Object com.ogasawaraShinnosuke.api.app.RootController.index()
2016-04-11 18:03:24.786  INFO 68422 --- [    Test worker] ilder$StaticRequestMappingHandlerMapping : Mapped "{[/live]}" onto public java.lang.Object com.ogasawaraShinnosuke.api.app.RootController.live()
2016-04-11 18:03:25.681  INFO 68422 --- [    Test worker] s.w.s.m.m.a.RequestMappingHandlerAdapter : Looking for @ControllerAdvice: org.springframework.test.web.servlet.setup.StubWebApplicationContext@7fabe04c
2016-04-11 18:03:26.009  INFO 68422 --- [    Test worker] o.s.mock.web.MockServletContext          : Initializing Spring FrameworkServlet ''
2016-04-11 18:03:26.010  INFO 68422 --- [    Test worker] o.s.t.web.servlet.TestDispatcherServlet  : FrameworkServlet '': initialization started
2016-04-11 18:03:26.015  INFO 68422 --- [    Test worker] o.s.t.web.servlet.TestDispatcherServlet  : FrameworkServlet '': initialization completed in 2 ms
2016-04-11 18:03:26.091  INFO 68422 --- [    Test worker] ilder$StaticRequestMappingHandlerMapping : Mapped "{[/]}" onto public java.lang.Object com.ogasawaraShinnosuke.api.app.RootController.index()
2016-04-11 18:03:26.092  INFO 68422 --- [    Test worker] ilder$StaticRequestMappingHandlerMapping : Mapped "{[/live]}" onto public java.lang.Object com.ogasawaraShinnosuke.api.app.RootController.live()
2016-04-11 18:03:26.178  INFO 68422 --- [    Test worker] s.w.s.m.m.a.RequestMappingHandlerAdapter : Looking for @ControllerAdvice: org.springframework.test.web.servlet.setup.StubWebApplicationContext@68498c12
2016-04-11 18:03:26.251  INFO 68422 --- [    Test worker] o.s.mock.web.MockServletContext          : Initializing Spring FrameworkServlet ''
2016-04-11 18:03:26.251  INFO 68422 --- [    Test worker] o.s.t.web.servlet.TestDispatcherServlet  : FrameworkServlet '': initialization started
2016-04-11 18:03:26.259  INFO 68422 --- [    Test worker] o.s.t.web.servlet.TestDispatcherServlet  : FrameworkServlet '': initialization completed in 6 ms
]]></system-out>
  <system-err><![CDATA[]]></system-err>
</testsuite>
